<?xml version="1.0" encoding="UTF-8"?>
<!-- Generated by org.testng.reporters.JUnitReportReporter -->
<testsuite hostname="LAPTOP-TS0JV3O5" failures="0" tests="2" name="testCases.TC001_AccountRegistrationTest" time="5.252" errors="0" timestamp="2024-09-24T16:42:49 IST" skipped="0">
  <testcase classname="testCases.TC001_AccountRegistrationTest" name="verify_accountregistration" time="2.828"/>
  <testcase classname="testCases.TC001_AccountRegistrationTest" name="verify_accountregistration" time="2.424"/>
</testsuite> <!-- testCases.TC001_AccountRegistrationTest -->
