<?xml version="1.0" encoding="UTF-8"?>
<!-- Generated by org.testng.reporters.JUnitReportReporter -->
<testsuite hostname="LAPTOP-TS0JV3O5" failures="0" tests="1" name="testCases.TC002_LoginTest" time="0.970" errors="0" timestamp="2024-09-24T16:43:26 IST" skipped="0">
  <testcase classname="testCases.TC002_LoginTest" name="verify_login" time="0.970"/>
</testsuite> <!-- testCases.TC002_LoginTest -->
