<?xml version="1.0" encoding="UTF-8"?>
<!-- Generated by org.testng.reporters.JUnitReportReporter -->
<testsuite hostname="LAPTOP-TS0JV3O5" failures="0" tests="1" name="testCases.TC002_LoginTest" time="1.376" errors="0" timestamp="2024-10-01T11:36:56 IST" skipped="0">
  <testcase classname="testCases.TC002_LoginTest" name="verify_login" time="1.376"/>
</testsuite> <!-- testCases.TC002_LoginTest -->
