<?xml version="1.0" encoding="UTF-8"?>
<!-- Generated by org.testng.reporters.JUnitReportReporter -->
<testsuite hostname="LAPTOP-TS0JV3O5" failures="0" tests="3" name="dataprovider.ParllelTestingDemo" time="0.156" errors="0" timestamp="2024-09-01T12:51:10 IST" skipped="0">
  <testcase classname="dataprovider.ParllelTestingDemo" name="testlogo" time="0.099"/>
  <testcase classname="dataprovider.ParllelTestingDemo" name="testTitle" time="0.034"/>
  <testcase classname="dataprovider.ParllelTestingDemo" name="testurl" time="0.023"/>
</testsuite> <!-- dataprovider.ParllelTestingDemo -->
