<?xml version="1.0" encoding="UTF-8"?>
<!-- Generated by org.testng.reporters.JUnitReportReporter -->
<testsuite hostname="LAPTOP-TS0JV3O5" failures="0" tests="1" name="pageobjectmodel.LoginTest" time="2.374" errors="0" timestamp="2024-09-01T22:27:00 IST" skipped="0">
  <testcase classname="pageobjectmodel.LoginTest" name="TestLogin" time="2.374"/>
</testsuite> <!-- pageobjectmodel.LoginTest -->
